#
# There is insufficient memory for the Java Runtime Environment to continue.
# Native memory allocation (mmap) failed to map 130023424 bytes for G1 virtual space
# Possible reasons:
#   The system is out of physical RAM or swap space
#   The process is running with CompressedOops enabled, and the Java Heap may be blocking the growth of the native heap
# Possible solutions:
#   Reduce memory load on the system
#   Increase physical memory or swap space
#   Check if swap backing store is full
#   Decrease Java heap size (-Xmx/-Xms)
#   Decrease number of Java threads
#   Decrease Java thread stack sizes (-Xss)
#   Set larger code cache with -XX:ReservedCodeCacheSize=
#   JVM is running with Unscaled Compressed Oops mode in which the Java heap is
#     placed in the first 4GB address space. The Java Heap base address is the
#     maximum limit for the native heap growth. Please use -XX:HeapBaseMinAddress
#     to set the Java Heap base and to place the Java Heap above 4GB virtual address.
# This output file may be truncated or incomplete.
#
#  Out of Memory Error (os_windows.cpp:3617), pid=18132, tid=4588
#
# JRE version:  (17.0.8.1+1) (build )
# Java VM: OpenJDK 64-Bit Server VM (17.0.8.1+1, mixed mode, sharing, tiered, compressed oops, compressed class ptrs, g1 gc, windows-amd64)
# No core dump will be written. Minidumps are not enabled by default on client versions of Windows
#

---------------  S U M M A R Y ------------

Command Line: -Dfile.encoding=UTF-8 -Dstdout.encoding=UTF-8 -Dstderr.encoding=UTF-8 -XX:+ShowCodeDetailsInExceptionMessages com.kodnest.cc.app

Host: 11th Gen Intel(R) Core(TM) i5-11400H @ 2.70GHz, 12 cores, 7G,  Windows 11 , 64 bit Build 22621 (10.0.22621.2506)
Time: Fri Dec 22 16:02:54 2023 India Standard Time elapsed time: 0.016700 seconds (0d 0h 0m 0s)

---------------  T H R E A D  ---------------

Current thread (0x00000262a00d30e0):  JavaThread "Unknown thread" [_thread_in_vm, id=4588, stack(0x000000bb3bb00000,0x000000bb3bc00000)]

Stack: [0x000000bb3bb00000,0x000000bb3bc00000]
Native frames: (J=compiled Java code, j=interpreted, Vv=VM code, C=native code)
V  [jvm.dll+0x678b0a]
V  [jvm.dll+0x835e84]
V  [jvm.dll+0x83762e]
V  [jvm.dll+0x837c93]
V  [jvm.dll+0x24746f]
V  [jvm.dll+0x675859]
V  [jvm.dll+0x66a0ea]
V  [jvm.dll+0x306c7b]
V  [jvm.dll+0x30e166]
V  [jvm.dll+0x35dd3e]
V  [jvm.dll+0x35df6f]
V  [jvm.dll+0x2ddb48]
V  [jvm.dll+0x2deab4]
V  [jvm.dll+0x807f31]
V  [jvm.dll+0x36bb21]
V  [jvm.dll+0x7e733c]
V  [jvm.dll+0x3ee4af]
V  [jvm.dll+0x3f00c1]
C  [jli.dll+0x528b]
C  [ucrtbase.dll+0x29363]
C  [KERNEL32.DLL+0x1257d]
C  [ntdll.dll+0x5aa58]


---------------  P R O C E S S  ---------------

Threads class SMR info:
_java_thread_list=0x00007ffca8f1a018, length=0, elements={
}

Java Threads: ( => current thread )

Other Threads:
  0x00000262a012e800 GCTaskThread "GC Thread#0" [stack: 0x000000bb3bc00000,0x000000bb3bd00000] [id=21656]
  0x00000262a013edd0 ConcurrentGCThread "G1 Main Marker" [stack: 0x000000bb3bd00000,0x000000bb3be00000] [id=13712]
  0x00000262a013fe80 ConcurrentGCThread "G1 Conc#0" [stack: 0x000000bb3be00000,0x000000bb3bf00000] [id=15708]

[error occurred during error reporting (printing all threads), id 0xc0000005, EXCEPTION_ACCESS_VIOLATION (0xc0000005) at pc=0x00007ffca86ee587]

VM state: not at safepoint (not fully initialized)

VM Mutex/Monitor currently owned by a thread:  ([mutex/lock_event])
[0x00000262a00ceb10] Heap_lock - owner thread: 0x00000262a00d30e0

Heap address: 0x0000000084400000, size: 1980 MB, Compressed Oops mode: 32-bit

CDS archive(s) mapped at: [0x0000000000000000-0x0000000000000000-0x0000000000000000), size 0, SharedBaseAddress: 0x0000000800000000, ArchiveRelocationMode: 1.
Narrow klass base: 0x0000000000000000, Narrow klass shift: 0, Narrow klass range: 0x0

GC Precious Log:
<Empty>

Heap:
 garbage-first heap   total 0K, used 0K [0x0000000084400000, 0x0000000100000000)
  region size 1024K, 0 young (0K), 0 survivors (0K)

[error occurred during error reporting (printing heap information), id 0xc0000005, EXCEPTION_ACCESS_VIOLATION (0xc0000005) at pc=0x00007ffca8ad2699]

GC Heap History (0 events):
No events

Dll operation events (1 events):
Event: 0.008 Loaded shared library C:\Users\jaysu\.p2\pool\plugins\org.eclipse.justj.openjdk.hotspot.jre.full.win32.x86_64_17.0.8.v20230831-1047\jre\bin\java.dll

Deoptimization events (0 events):
No events

Classes unloaded (0 events):
No events

Classes redefined (0 events):
No events

Internal exceptions (0 events):
No events

VM Operations (0 events):
No events

Events (0 events):
No events


Dynamic libraries:
0x00007ff6c5d40000 - 0x00007ff6c5d4e000 	C:\Users\jaysu\.p2\pool\plugins\org.eclipse.justj.openjdk.hotspot.jre.full.win32.x86_64_17.0.8.v20230831-1047\jre\bin\javaw.exe
0x00007ffd0b170000 - 0x00007ffd0b387000 	C:\Windows\SYSTEM32\ntdll.dll
0x00007ffd0a220000 - 0x00007ffd0a2e4000 	C:\Windows\System32\KERNEL32.DLL
0x00007ffd089f0000 - 0x00007ffd08d96000 	C:\Windows\System32\KERNELBASE.dll
0x00007ffd08da0000 - 0x00007ffd08eb1000 	C:\Windows\System32\ucrtbase.dll
0x00007ffcf9cb0000 - 0x00007ffcf9cc7000 	C:\Users\jaysu\.p2\pool\plugins\org.eclipse.justj.openjdk.hotspot.jre.full.win32.x86_64_17.0.8.v20230831-1047\jre\bin\jli.dll
0x00007ffd0a420000 - 0x00007ffd0a5ce000 	C:\Windows\System32\USER32.dll
0x00007ffd089c0000 - 0x00007ffd089e6000 	C:\Windows\System32\win32u.dll
0x00007ffcf4150000 - 0x00007ffcf4169000 	C:\Users\jaysu\.p2\pool\plugins\org.eclipse.justj.openjdk.hotspot.jre.full.win32.x86_64_17.0.8.v20230831-1047\jre\bin\VCRUNTIME140.dll
0x00007ffd09030000 - 0x00007ffd09059000 	C:\Windows\System32\GDI32.dll
0x00007ffd08820000 - 0x00007ffd08938000 	C:\Windows\System32\gdi32full.dll
0x00007ffcedea0000 - 0x00007ffcee133000 	C:\Windows\WinSxS\amd64_microsoft.windows.common-controls_6595b64144ccf1df_6.0.22621.2506_none_270c5ae97388e100\COMCTL32.dll
0x00007ffd08780000 - 0x00007ffd0881a000 	C:\Windows\System32\msvcp_win.dll
0x00007ffd09180000 - 0x00007ffd09227000 	C:\Windows\System32\msvcrt.dll
0x00007ffd0aff0000 - 0x00007ffd0b021000 	C:\Windows\System32\IMM32.DLL
0x00007ffd00cf0000 - 0x00007ffd00cfc000 	C:\Users\jaysu\.p2\pool\plugins\org.eclipse.justj.openjdk.hotspot.jre.full.win32.x86_64_17.0.8.v20230831-1047\jre\bin\vcruntime140_1.dll
0x00007ffcf3560000 - 0x00007ffcf35f1000 	C:\Users\jaysu\.p2\pool\plugins\org.eclipse.justj.openjdk.hotspot.jre.full.win32.x86_64_17.0.8.v20230831-1047\jre\bin\msvcp140.dll
0x00007ffca8400000 - 0x00007ffca904c000 	C:\Users\jaysu\.p2\pool\plugins\org.eclipse.justj.openjdk.hotspot.jre.full.win32.x86_64_17.0.8.v20230831-1047\jre\bin\server\jvm.dll
0x00007ffd0a360000 - 0x00007ffd0a411000 	C:\Windows\System32\ADVAPI32.dll
0x00007ffd0a100000 - 0x00007ffd0a1a5000 	C:\Windows\System32\sechost.dll
0x00007ffd09060000 - 0x00007ffd09177000 	C:\Windows\System32\RPCRT4.dll
0x00007ffd07330000 - 0x00007ffd0737d000 	C:\Windows\SYSTEM32\POWRPROF.dll
0x00007ffcfdb60000 - 0x00007ffcfdb69000 	C:\Windows\SYSTEM32\WSOCK32.dll
0x00007ffcfcde0000 - 0x00007ffcfce14000 	C:\Windows\SYSTEM32\WINMM.dll
0x00007ffcf53a0000 - 0x00007ffcf53aa000 	C:\Windows\SYSTEM32\VERSION.dll
0x00007ffd08fb0000 - 0x00007ffd09021000 	C:\Windows\System32\WS2_32.dll
0x00007ffd07310000 - 0x00007ffd07323000 	C:\Windows\SYSTEM32\UMPDC.dll
0x00007ffd07570000 - 0x00007ffd07588000 	C:\Windows\SYSTEM32\kernel.appcore.dll
0x00007ffcf32c0000 - 0x00007ffcf32ca000 	C:\Users\jaysu\.p2\pool\plugins\org.eclipse.justj.openjdk.hotspot.jre.full.win32.x86_64_17.0.8.v20230831-1047\jre\bin\jimage.dll
0x00007ffd05d90000 - 0x00007ffd05fc3000 	C:\Windows\SYSTEM32\DBGHELP.DLL
0x00007ffd09250000 - 0x00007ffd095d9000 	C:\Windows\System32\combase.dll
0x00007ffd08ed0000 - 0x00007ffd08fa7000 	C:\Windows\System32\OLEAUT32.dll
0x00007ffce8150000 - 0x00007ffce8182000 	C:\Windows\SYSTEM32\dbgcore.DLL
0x00007ffd08940000 - 0x00007ffd089ba000 	C:\Windows\System32\bcryptPrimitives.dll
0x00007ffcf3290000 - 0x00007ffcf32b5000 	C:\Users\jaysu\.p2\pool\plugins\org.eclipse.justj.openjdk.hotspot.jre.full.win32.x86_64_17.0.8.v20230831-1047\jre\bin\java.dll

dbghelp: loaded successfully - version: 4.0.5 - missing functions: none
symbol engine: initialized successfully - sym options: 0x614 - pdb path: .;C:\Users\jaysu\.p2\pool\plugins\org.eclipse.justj.openjdk.hotspot.jre.full.win32.x86_64_17.0.8.v20230831-1047\jre\bin;C:\Windows\SYSTEM32;C:\Windows\WinSxS\amd64_microsoft.windows.common-controls_6595b64144ccf1df_6.0.22621.2506_none_270c5ae97388e100;C:\Users\jaysu\.p2\pool\plugins\org.eclipse.justj.openjdk.hotspot.jre.full.win32.x86_64_17.0.8.v20230831-1047\jre\bin\server

VM Arguments:
jvm_args: -Dfile.encoding=UTF-8 -Dstdout.encoding=UTF-8 -Dstderr.encoding=UTF-8 -XX:+ShowCodeDetailsInExceptionMessages 
java_command: com.kodnest.cc.app
java_class_path (initial): C:\Users\jaysu\eclipse-workspace\DemoSuperKeyword\bin
Launcher Type: SUN_STANDARD

[Global flags]
     intx CICompilerCount                          = 4                                         {product} {ergonomic}
     uint ConcGCThreads                            = 3                                         {product} {ergonomic}
     uint G1ConcRefinementThreads                  = 10                                        {product} {ergonomic}
   size_t G1HeapRegionSize                         = 1048576                                   {product} {ergonomic}
    uintx GCDrainStackTargetSize                   = 64                                        {product} {ergonomic}
   size_t InitialHeapSize                          = 130023424                                 {product} {ergonomic}
   size_t MarkStackSize                            = 4194304                                   {product} {ergonomic}
   size_t MaxHeapSize                              = 2076180480                                {product} {ergonomic}
   size_t MinHeapDeltaBytes                        = 1048576                                   {product} {ergonomic}
   size_t MinHeapSize                              = 8388608                                   {product} {ergonomic}
    uintx NonNMethodCodeHeapSize                   = 5839372                                {pd product} {ergonomic}
    uintx NonProfiledCodeHeapSize                  = 122909434                              {pd product} {ergonomic}
    uintx ProfiledCodeHeapSize                     = 122909434                              {pd product} {ergonomic}
    uintx ReservedCodeCacheSize                    = 251658240                              {pd product} {ergonomic}
     bool SegmentedCodeCache                       = true                                      {product} {ergonomic}
     bool ShowCodeDetailsInExceptionMessages       = true                                   {manageable} {command line}
   size_t SoftMaxHeapSize                          = 2076180480                             {manageable} {ergonomic}
     bool UseCompressedClassPointers               = true                           {product lp64_product} {ergonomic}
     bool UseCompressedOops                        = true                           {product lp64_product} {ergonomic}
     bool UseG1GC                                  = true                                      {product} {ergonomic}
     bool UseLargePagesIndividualAllocation        = false                                  {pd product} {ergonomic}

Logging:
Log output configuration:
 #0: stdout all=warning uptime,level,tags
 #1: stderr all=off uptime,level,tags

Environment Variables:
PATH=C:/Users/jaysu/.p2/pool/plugins/org.eclipse.justj.openjdk.hotspot.jre.full.win32.x86_64_17.0.8.v20230831-1047/jre/bin/server;C:/Users/jaysu/.p2/pool/plugins/org.eclipse.justj.openjdk.hotspot.jre.full.win32.x86_64_17.0.8.v20230831-1047/jre/bin;C:\Program Files\Common Files\Oracle\Java\javapath;C:\Windows\system32;C:\Windows;C:\Windows\System32\Wbem;C:\Windows\System32\WindowsPowerShell\v1.0\;C:\Windows\System32\OpenSSH\;C:\Program Files (x86)\NVIDIA Corporation\PhysX\Common;C:\Program Files\NVIDIA Corporation\NVIDIA NvDLISR;C:\Program Files\Java\jdk-17\bin;C:\Program Files\MySQL\MySQL Server 8.0\bin;C:\Program Files\dotnet\;C:\Program Files\MySQL\MySQL Shell 8.0\bin\;C:\Users\jaysu\AppData\Local\Microsoft\WindowsApps;;C:\Users\jaysu\AppData\Local\Programs\Microsoft VS Code\bin;C:\Users\jaysu\OneDrive\Desktop;
USERNAME=jaysu
OS=Windows_NT
PROCESSOR_IDENTIFIER=Intel64 Family 6 Model 141 Stepping 1, GenuineIntel
TMP=C:\Users\jaysu\AppData\Local\Temp
TEMP=C:\Users\jaysu\AppData\Local\Temp



---------------  S Y S T E M  ---------------

OS:
 Windows 11 , 64 bit Build 22621 (10.0.22621.2506)
OS uptime: 1 days 4:08 hours
Hyper-V role detected

CPU: total 12 (initial active 12) (6 cores per cpu, 2 threads per core) family 6 model 141 stepping 1 microcode 0x34, cx8, cmov, fxsr, ht, mmx, 3dnowpref, sse, sse2, sse3, ssse3, sse4.1, sse4.2, popcnt, lzcnt, tsc, tscinvbit, avx, avx2, aes, erms, clmul, bmi1, bmi2, adx, avx512f, avx512dq, avx512cd, avx512bw, avx512vl, sha, fma, vzeroupper, avx512_vpopcntdq, avx512_vpclmulqdq, avx512_vaes, avx512_vnni, clflush, clflushopt, clwb, avx512_vbmi2, avx512_vbmi, hv
Processor Information for all 12 processors :
  Max Mhz: 2688, Current Mhz: 2688, Mhz Limit: 2688

Memory: 4k page, system-wide physical 7914M (3025M free)
TotalPageFile size 32487M (AvailPageFile size 94M)
current process WorkingSet (physical memory assigned to process): 11M, peak: 11M
current process commit charge ("private bytes"): 64M, peak: 188M

vm_info: OpenJDK 64-Bit Server VM (17.0.8.1+1) for windows-amd64 JRE (17.0.8.1+1), built on Aug 23 2023 15:29:17 by "admin" with MS VC++ 16.7 (VS2019)

END.
